[21-Jun-2013 15:08:49 UTC] PHP Parse error:  parse error, expecting `T_FUNCTION' in /Users/tvictorino/www/stockit/victorino/stockExchange.php on line 75
[21-Jun-2013 15:26:37 UTC] PHP Parse error:  parse error, expecting `T_FUNCTION' in /Users/tvictorino/www/stockit/victorino/stockExchange.php on line 75
[21-Jun-2013 15:26:51 UTC] PHP Fatal error:  Class 'Mysql' not found in /Users/tvictorino/www/stockit/victorino/getStockInformationiFromNasdaq.php on line 8
[21-Jun-2013 15:27:02 UTC] PHP Fatal error:  Class 'Mysql' not found in /Users/tvictorino/www/stockit/victorino/getStockInformationiFromNasdaq.php on line 8
[21-Jun-2013 15:27:04 UTC] PHP Fatal error:  Class 'Mysql' not found in /Users/tvictorino/www/stockit/victorino/getStockInformationiFromNasdaq.php on line 8
[21-Jun-2013 15:37:28 UTC] PHP Fatal error:  Class 'Mysql' not found in /Users/tvictorino/www/stockit/victorino/getStockInformationiFromNasdaq.php on line 8
[21-Jun-2013 16:02:17 UTC] PHP Warning:  DOMDocument::load(): StartTag: invalid element name in http://www.nasdaq.com/symbol/fb/real-time, line: 2 in /Users/tvictorino/www/stockit/victorino/stockExchange.php on line 43
[21-Jun-2013 16:02:17 UTC] PHP Warning:  DOMDocument::load(): Extra content at the end of the document in http://www.nasdaq.com/symbol/fb/real-time, line: 2 in /Users/tvictorino/www/stockit/victorino/stockExchange.php on line 43
[21-Jun-2013 16:02:17 UTC] PHP Fatal error:  Call to undefined method DOMDocument::getElementByTagName() in /Users/tvictorino/www/stockit/victorino/stockExchange.php on line 44
[21-Jun-2013 16:03:15 UTC] PHP Warning:  DOMDocument::load(): StartTag: invalid element name in http://www.nasdaq.com/symbol/fb/real-time, line: 2 in /Users/tvictorino/www/stockit/victorino/stockExchange.php on line 43
[21-Jun-2013 16:03:15 UTC] PHP Warning:  DOMDocument::load(): Extra content at the end of the document in http://www.nasdaq.com/symbol/fb/real-time, line: 2 in /Users/tvictorino/www/stockit/victorino/stockExchange.php on line 43
[21-Jun-2013 16:03:15 UTC] PHP Fatal error:  Call to a member function getAttribute() on a non-object in /Users/tvictorino/www/stockit/victorino/stockExchange.php on line 45
[21-Jun-2013 16:03:38 UTC] PHP Warning:  DOMDocument::load(): StartTag: invalid element name in http://www.nasdaq.com/symbol/fb/real-time, line: 2 in /Users/tvictorino/www/stockit/victorino/stockExchange.php on line 43
[21-Jun-2013 16:03:38 UTC] PHP Warning:  DOMDocument::load(): Extra content at the end of the document in http://www.nasdaq.com/symbol/fb/real-time, line: 2 in /Users/tvictorino/www/stockit/victorino/stockExchange.php on line 43
[21-Jun-2013 16:03:38 UTC] PHP Fatal error:  Call to a member function getAttribute() on a non-object in /Users/tvictorino/www/stockit/victorino/stockExchange.php on line 45
[21-Jun-2013 16:04:16 UTC] PHP Warning:  DOMDocument::loadXML(): Start tag expected, '<' not found in Entity, line: 1 in /Users/tvictorino/www/stockit/victorino/stockExchange.php on line 43
[21-Jun-2013 16:04:16 UTC] PHP Fatal error:  Call to a member function getAttribute() on a non-object in /Users/tvictorino/www/stockit/victorino/stockExchange.php on line 45
[21-Jun-2013 16:04:31 UTC] PHP Fatal error:  Call to a member function getAttribute() on a non-object in /Users/tvictorino/www/stockit/victorino/stockExchange.php on line 45
[21-Jun-2013 16:04:56 UTC] PHP Fatal error:  Call to a member function getAttribute() on a non-object in /Users/tvictorino/www/stockit/victorino/stockExchange.php on line 46
[21-Jun-2013 16:05:47 UTC] PHP Warning:  DOMDocument::loadHTML(): Unexpected end tag : div in Entity, line: 283 in /Users/tvictorino/www/stockit/victorino/stockExchange.php on line 43
[21-Jun-2013 16:05:47 UTC] PHP Warning:  DOMDocument::loadHTML(): Tag header invalid in Entity, line: 302 in /Users/tvictorino/www/stockit/victorino/stockExchange.php on line 43
[21-Jun-2013 16:05:47 UTC] PHP Warning:  DOMDocument::loadHTML(): Tag nav invalid in Entity, line: 305 in /Users/tvictorino/www/stockit/victorino/stockExchange.php on line 43
[21-Jun-2013 16:05:47 UTC] PHP Warning:  DOMDocument::loadHTML(): htmlParseEntityRef: expecting ';' in Entity, line: 707 in /Users/tvictorino/www/stockit/victorino/stockExchange.php on line 43
[21-Jun-2013 16:05:47 UTC] PHP Warning:  DOMDocument::loadHTML(): ID qwidget-sector-wrap already defined in Entity, line: 720 in /Users/tvictorino/www/stockit/victorino/stockExchange.php on line 43
[21-Jun-2013 16:05:47 UTC] PHP Warning:  DOMDocument::loadHTML(): Unexpected end tag : style in Entity, line: 764 in /Users/tvictorino/www/stockit/victorino/stockExchange.php on line 43
[21-Jun-2013 16:05:47 UTC] PHP Warning:  DOMDocument::loadHTML(): Unexpected end tag : style in Entity, line: 766 in /Users/tvictorino/www/stockit/victorino/stockExchange.php on line 43
[21-Jun-2013 16:05:47 UTC] PHP Warning:  DOMDocument::loadHTML(): Unexpected end tag : style in Entity, line: 771 in /Users/tvictorino/www/stockit/victorino/stockExchange.php on line 43
[21-Jun-2013 16:05:47 UTC] PHP Warning:  DOMDocument::loadHTML(): Unexpected end tag : style in Entity, line: 773 in /Users/tvictorino/www/stockit/victorino/stockExchange.php on line 43
[21-Jun-2013 16:05:47 UTC] PHP Warning:  DOMDocument::loadHTML(): ID mycarousel already defined in Entity, line: 811 in /Users/tvictorino/www/stockit/victorino/stockExchange.php on line 43
[21-Jun-2013 16:05:47 UTC] PHP Warning:  DOMDocument::loadHTML(): htmlParseEntityRef: expecting ';' in Entity, line: 930 in /Users/tvictorino/www/stockit/victorino/stockExchange.php on line 43
[21-Jun-2013 16:05:47 UTC] PHP Warning:  DOMDocument::loadHTML(): htmlParseEntityRef: expecting ';' in Entity, line: 931 in /Users/tvictorino/www/stockit/victorino/stockExchange.php on line 43
[21-Jun-2013 16:05:47 UTC] PHP Warning:  DOMDocument::loadHTML(): htmlParseEntityRef: expecting ';' in Entity, line: 966 in /Users/tvictorino/www/stockit/victorino/stockExchange.php on line 43
[21-Jun-2013 16:05:47 UTC] PHP Warning:  DOMDocument::loadHTML(): htmlParseEntityRef: expecting ';' in Entity, line: 966 in /Users/tvictorino/www/stockit/victorino/stockExchange.php on line 43
[21-Jun-2013 16:05:47 UTC] PHP Warning:  DOMDocument::loadHTML(): htmlParseEntityRef: expecting ';' in Entity, line: 967 in /Users/tvictorino/www/stockit/victorino/stockExchange.php on line 43
[21-Jun-2013 16:05:47 UTC] PHP Warning:  DOMDocument::loadHTML(): htmlParseEntityRef: expecting ';' in Entity, line: 967 in /Users/tvictorino/www/stockit/victorino/stockExchange.php on line 43
[21-Jun-2013 16:05:47 UTC] PHP Warning:  DOMDocument::loadHTML(): htmlParseEntityRef: expecting ';' in Entity, line: 984 in /Users/tvictorino/www/stockit/victorino/stockExchange.php on line 43
[21-Jun-2013 16:05:47 UTC] PHP Warning:  DOMDocument::loadHTML(): error parsing attribute name in Entity, line: 1043 in /Users/tvictorino/www/stockit/victorino/stockExchange.php on line 43
[21-Jun-2013 16:05:47 UTC] PHP Warning:  DOMDocument::loadHTML(): Unexpected end tag : span in Entity, line: 1098 in /Users/tvictorino/www/stockit/victorino/stockExchange.php on line 43
[21-Jun-2013 16:05:47 UTC] PHP Warning:  DOMDocument::loadHTML(): Unexpected end tag : a in Entity, line: 1098 in /Users/tvictorino/www/stockit/victorino/stockExchange.php on line 43
[21-Jun-2013 16:05:47 UTC] PHP Warning:  DOMDocument::loadHTML(): ID qwidget_markettimedate already defined in Entity, line: 1190 in /Users/tvictorino/www/stockit/victorino/stockExchange.php on line 43
[21-Jun-2013 16:05:47 UTC] PHP Warning:  DOMDocument::loadHTML(): Unexpected end tag : a in Entity, line: 1213 in /Users/tvictorino/www/stockit/victorino/stockExchange.php on line 43
[21-Jun-2013 16:05:47 UTC] PHP Warning:  DOMDocument::loadHTML(): Unexpected end tag : a in Entity, line: 1214 in /Users/tvictorino/www/stockit/victorino/stockExchange.php on line 43
[21-Jun-2013 16:05:47 UTC] PHP Warning:  DOMDocument::loadHTML(): Unexpected end tag : a in Entity, line: 1215 in /Users/tvictorino/www/stockit/victorino/stockExchange.php on line 43
[21-Jun-2013 16:05:47 UTC] PHP Warning:  DOMDocument::loadHTML(): Unexpected end tag : a in Entity, line: 1216 in /Users/tvictorino/www/stockit/victorino/stockExchange.php on line 43
[21-Jun-2013 16:05:47 UTC] PHP Warning:  DOMDocument::loadHTML(): Unexpected end tag : a in Entity, line: 1217 in /Users/tvictorino/www/stockit/victorino/stockExchange.php on line 43
[21-Jun-2013 16:05:47 UTC] PHP Warning:  DOMDocument::loadHTML(): Unexpected end tag : script in Entity, line: 1218 in /Users/tvictorino/www/stockit/victorino/stockExchange.php on line 43
[21-Jun-2013 16:05:47 UTC] PHP Warning:  DOMDocument::loadHTML(): htmlParseEntityRef: expecting ';' in Entity, line: 1424 in /Users/tvictorino/www/stockit/victorino/stockExchange.php on line 43
[21-Jun-2013 16:05:47 UTC] PHP Warning:  DOMDocument::loadHTML(): htmlParseEntityRef: expecting ';' in Entity, line: 1424 in /Users/tvictorino/www/stockit/victorino/stockExchange.php on line 43
[21-Jun-2013 16:05:47 UTC] PHP Warning:  DOMDocument::loadHTML(): htmlParseEntityRef: expecting ';' in Entity, line: 1424 in /Users/tvictorino/www/stockit/victorino/stockExchange.php on line 43
[21-Jun-2013 16:05:47 UTC] PHP Warning:  DOMDocument::loadHTML(): htmlParseEntityRef: expecting ';' in Entity, line: 1448 in /Users/tvictorino/www/stockit/victorino/stockExchange.php on line 43
[21-Jun-2013 16:05:47 UTC] PHP Warning:  DOMDocument::loadHTML(): htmlParseEntityRef: expecting ';' in Entity, line: 1448 in /Users/tvictorino/www/stockit/victorino/stockExchange.php on line 43
[21-Jun-2013 16:05:47 UTC] PHP Warning:  DOMDocument::loadHTML(): htmlParseEntityRef: expecting ';' in Entity, line: 1448 in /Users/tvictorino/www/stockit/victorino/stockExchange.php on line 43
[21-Jun-2013 16:05:47 UTC] PHP Warning:  DOMDocument::loadHTML(): Unexpected end tag : div in Entity, line: 1492 in /Users/tvictorino/www/stockit/victorino/stockExchange.php on line 43
[21-Jun-2013 16:05:47 UTC] PHP Warning:  DOMDocument::loadHTML(): Unexpected end tag : div in Entity, line: 1512 in /Users/tvictorino/www/stockit/victorino/stockExchange.php on line 43
[21-Jun-2013 16:05:47 UTC] PHP Warning:  DOMDocument::loadHTML(): Unexpected end tag : a in Entity, line: 1523 in /Users/tvictorino/www/stockit/victorino/stockExchange.php on line 43
[21-Jun-2013 16:05:47 UTC] PHP Warning:  DOMDocument::loadHTML(): Unexpected end tag : b in Entity, line: 1523 in /Users/tvictorino/www/stockit/victorino/stockExchange.php on line 43
[21-Jun-2013 16:05:47 UTC] PHP Warning:  DOMDocument::loadHTML(): Unexpected end tag : a in Entity, line: 1523 in /Users/tvictorino/www/stockit/victorino/stockExchange.php on line 43
[21-Jun-2013 16:05:47 UTC] PHP Warning:  DOMDocument::loadHTML(): Tag footer invalid in Entity, line: 1531 in /Users/tvictorino/www/stockit/victorino/stockExchange.php on line 43
[21-Jun-2013 16:05:47 UTC] PHP Warning:  DOMDocument::loadHTML(): Unexpected end tag : b in Entity, line: 1996 in /Users/tvictorino/www/stockit/victorino/stockExchange.php on line 43
[21-Jun-2013 16:05:47 UTC] PHP Warning:  DOMDocument::loadHTML(): Unexpected end tag : b in Entity, line: 1998 in /Users/tvictorino/www/stockit/victorino/stockExchange.php on line 43
[21-Jun-2013 16:05:47 UTC] PHP Warning:  DOMDocument::loadHTML(): Unexpected end tag : b in Entity, line: 2000 in /Users/tvictorino/www/stockit/victorino/stockExchange.php on line 43
[21-Jun-2013 16:05:47 UTC] PHP Warning:  DOMDocument::loadHTML(): Unexpected end tag : b in Entity, line: 2001 in /Users/tvictorino/www/stockit/victorino/stockExchange.php on line 43
[21-Jun-2013 16:05:47 UTC] PHP Warning:  DOMDocument::loadHTML(): Unexpected end tag : b in Entity, line: 2003 in /Users/tvictorino/www/stockit/victorino/stockExchange.php on line 43
[21-Jun-2013 16:05:47 UTC] PHP Warning:  DOMDocument::loadHTML(): Unexpected end tag : b in Entity, line: 2006 in /Users/tvictorino/www/stockit/victorino/stockExchange.php on line 43
[21-Jun-2013 16:05:50 UTC] PHP Warning:  DOMDocument::loadHTML(): Unexpected end tag : div in Entity, line: 283 in /Users/tvictorino/www/stockit/victorino/stockExchange.php on line 43
[21-Jun-2013 16:05:50 UTC] PHP Warning:  DOMDocument::loadHTML(): Tag header invalid in Entity, line: 302 in /Users/tvictorino/www/stockit/victorino/stockExchange.php on line 43
[21-Jun-2013 16:05:50 UTC] PHP Warning:  DOMDocument::loadHTML(): Tag nav invalid in Entity, line: 305 in /Users/tvictorino/www/stockit/victorino/stockExchange.php on line 43
[21-Jun-2013 16:05:50 UTC] PHP Warning:  DOMDocument::loadHTML(): htmlParseEntityRef: expecting ';' in Entity, line: 707 in /Users/tvictorino/www/stockit/victorino/stockExchange.php on line 43
[21-Jun-2013 16:05:50 UTC] PHP Warning:  DOMDocument::loadHTML(): ID qwidget-sector-wrap already defined in Entity, line: 720 in /Users/tvictorino/www/stockit/victorino/stockExchange.php on line 43
[21-Jun-2013 16:05:50 UTC] PHP Warning:  DOMDocument::loadHTML(): Unexpected end tag : style in Entity, line: 764 in /Users/tvictorino/www/stockit/victorino/stockExchange.php on line 43
[21-Jun-2013 16:05:50 UTC] PHP Warning:  DOMDocument::loadHTML(): Unexpected end tag : style in Entity, line: 766 in /Users/tvictorino/www/stockit/victorino/stockExchange.php on line 43
[21-Jun-2013 16:05:50 UTC] PHP Warning:  DOMDocument::loadHTML(): Unexpected end tag : style in Entity, line: 771 in /Users/tvictorino/www/stockit/victorino/stockExchange.php on line 43
[21-Jun-2013 16:05:50 UTC] PHP Warning:  DOMDocument::loadHTML(): Unexpected end tag : style in Entity, line: 773 in /Users/tvictorino/www/stockit/victorino/stockExchange.php on line 43
[21-Jun-2013 16:05:50 UTC] PHP Warning:  DOMDocument::loadHTML(): ID mycarousel already defined in Entity, line: 811 in /Users/tvictorino/www/stockit/victorino/stockExchange.php on line 43
[21-Jun-2013 16:05:50 UTC] PHP Warning:  DOMDocument::loadHTML(): htmlParseEntityRef: expecting ';' in Entity, line: 930 in /Users/tvictorino/www/stockit/victorino/stockExchange.php on line 43
[21-Jun-2013 16:05:50 UTC] PHP Warning:  DOMDocument::loadHTML(): htmlParseEntityRef: expecting ';' in Entity, line: 931 in /Users/tvictorino/www/stockit/victorino/stockExchange.php on line 43
[21-Jun-2013 16:05:50 UTC] PHP Warning:  DOMDocument::loadHTML(): htmlParseEntityRef: expecting ';' in Entity, line: 966 in /Users/tvictorino/www/stockit/victorino/stockExchange.php on line 43
[21-Jun-2013 16:05:50 UTC] PHP Warning:  DOMDocument::loadHTML(): htmlParseEntityRef: expecting ';' in Entity, line: 966 in /Users/tvictorino/www/stockit/victorino/stockExchange.php on line 43
[21-Jun-2013 16:05:50 UTC] PHP Warning:  DOMDocument::loadHTML(): htmlParseEntityRef: expecting ';' in Entity, line: 967 in /Users/tvictorino/www/stockit/victorino/stockExchange.php on line 43
[21-Jun-2013 16:05:50 UTC] PHP Warning:  DOMDocument::loadHTML(): htmlParseEntityRef: expecting ';' in Entity, line: 967 in /Users/tvictorino/www/stockit/victorino/stockExchange.php on line 43
[21-Jun-2013 16:05:50 UTC] PHP Warning:  DOMDocument::loadHTML(): htmlParseEntityRef: expecting ';' in Entity, line: 984 in /Users/tvictorino/www/stockit/victorino/stockExchange.php on line 43
[21-Jun-2013 16:05:50 UTC] PHP Warning:  DOMDocument::loadHTML(): error parsing attribute name in Entity, line: 1043 in /Users/tvictorino/www/stockit/victorino/stockExchange.php on line 43
[21-Jun-2013 16:05:50 UTC] PHP Warning:  DOMDocument::loadHTML(): Unexpected end tag : span in Entity, line: 1098 in /Users/tvictorino/www/stockit/victorino/stockExchange.php on line 43
[21-Jun-2013 16:05:50 UTC] PHP Warning:  DOMDocument::loadHTML(): Unexpected end tag : a in Entity, line: 1098 in /Users/tvictorino/www/stockit/victorino/stockExchange.php on line 43
[21-Jun-2013 16:05:50 UTC] PHP Warning:  DOMDocument::loadHTML(): ID qwidget_markettimedate already defined in Entity, line: 1190 in /Users/tvictorino/www/stockit/victorino/stockExchange.php on line 43
[21-Jun-2013 16:05:50 UTC] PHP Warning:  DOMDocument::loadHTML(): Unexpected end tag : a in Entity, line: 1213 in /Users/tvictorino/www/stockit/victorino/stockExchange.php on line 43
[21-Jun-2013 16:05:50 UTC] PHP Warning:  DOMDocument::loadHTML(): Unexpected end tag : a in Entity, line: 1214 in /Users/tvictorino/www/stockit/victorino/stockExchange.php on line 43
[21-Jun-2013 16:05:50 UTC] PHP Warning:  DOMDocument::loadHTML(): Unexpected end tag : a in Entity, line: 1215 in /Users/tvictorino/www/stockit/victorino/stockExchange.php on line 43
[21-Jun-2013 16:05:50 UTC] PHP Warning:  DOMDocument::loadHTML(): Unexpected end tag : a in Entity, line: 1216 in /Users/tvictorino/www/stockit/victorino/stockExchange.php on line 43
[21-Jun-2013 16:05:50 UTC] PHP Warning:  DOMDocument::loadHTML(): Unexpected end tag : a in Entity, line: 1217 in /Users/tvictorino/www/stockit/victorino/stockExchange.php on line 43
[21-Jun-2013 16:05:50 UTC] PHP Warning:  DOMDocument::loadHTML(): Unexpected end tag : script in Entity, line: 1218 in /Users/tvictorino/www/stockit/victorino/stockExchange.php on line 43
[21-Jun-2013 16:05:50 UTC] PHP Warning:  DOMDocument::loadHTML(): htmlParseEntityRef: expecting ';' in Entity, line: 1448 in /Users/tvictorino/www/stockit/victorino/stockExchange.php on line 43
[21-Jun-2013 16:05:50 UTC] PHP Warning:  DOMDocument::loadHTML(): htmlParseEntityRef: expecting ';' in Entity, line: 1448 in /Users/tvictorino/www/stockit/victorino/stockExchange.php on line 43
[21-Jun-2013 16:05:50 UTC] PHP Warning:  DOMDocument::loadHTML(): htmlParseEntityRef: expecting ';' in Entity, line: 1448 in /Users/tvictorino/www/stockit/victorino/stockExchange.php on line 43
[21-Jun-2013 16:05:50 UTC] PHP Warning:  DOMDocument::loadHTML(): Unexpected end tag : div in Entity, line: 1492 in /Users/tvictorino/www/stockit/victorino/stockExchange.php on line 43
[21-Jun-2013 16:05:50 UTC] PHP Warning:  DOMDocument::loadHTML(): Unexpected end tag : div in Entity, line: 1512 in /Users/tvictorino/www/stockit/victorino/stockExchange.php on line 43
[21-Jun-2013 16:05:50 UTC] PHP Warning:  DOMDocument::loadHTML(): Unexpected end tag : a in Entity, line: 1523 in /Users/tvictorino/www/stockit/victorino/stockExchange.php on line 43
[21-Jun-2013 16:05:50 UTC] PHP Warning:  DOMDocument::loadHTML(): Unexpected end tag : b in Entity, line: 1523 in /Users/tvictorino/www/stockit/victorino/stockExchange.php on line 43
[21-Jun-2013 16:05:50 UTC] PHP Warning:  DOMDocument::loadHTML(): Unexpected end tag : a in Entity, line: 1523 in /Users/tvictorino/www/stockit/victorino/stockExchange.php on line 43
[21-Jun-2013 16:05:50 UTC] PHP Warning:  DOMDocument::loadHTML(): Tag footer invalid in Entity, line: 1531 in /Users/tvictorino/www/stockit/victorino/stockExchange.php on line 43
[21-Jun-2013 16:05:50 UTC] PHP Warning:  DOMDocument::loadHTML(): Unexpected end tag : b in Entity, line: 1996 in /Users/tvictorino/www/stockit/victorino/stockExchange.php on line 43
[21-Jun-2013 16:05:50 UTC] PHP Warning:  DOMDocument::loadHTML(): Unexpected end tag : b in Entity, line: 1998 in /Users/tvictorino/www/stockit/victorino/stockExchange.php on line 43
[21-Jun-2013 16:05:50 UTC] PHP Warning:  DOMDocument::loadHTML(): Unexpected end tag : b in Entity, line: 2000 in /Users/tvictorino/www/stockit/victorino/stockExchange.php on line 43
[21-Jun-2013 16:05:50 UTC] PHP Warning:  DOMDocument::loadHTML(): Unexpected end tag : b in Entity, line: 2001 in /Users/tvictorino/www/stockit/victorino/stockExchange.php on line 43
[21-Jun-2013 16:05:50 UTC] PHP Warning:  DOMDocument::loadHTML(): Unexpected end tag : b in Entity, line: 2003 in /Users/tvictorino/www/stockit/victorino/stockExchange.php on line 43
[21-Jun-2013 16:05:50 UTC] PHP Warning:  DOMDocument::loadHTML(): Unexpected end tag : b in Entity, line: 2006 in /Users/tvictorino/www/stockit/victorino/stockExchange.php on line 43
[21-Jun-2013 16:05:55 UTC] PHP Warning:  DOMDocument::loadHTML(): Unexpected end tag : div in Entity, line: 283 in /Users/tvictorino/www/stockit/victorino/stockExchange.php on line 43
[21-Jun-2013 16:05:55 UTC] PHP Warning:  DOMDocument::loadHTML(): Tag header invalid in Entity, line: 302 in /Users/tvictorino/www/stockit/victorino/stockExchange.php on line 43
[21-Jun-2013 16:05:55 UTC] PHP Warning:  DOMDocument::loadHTML(): Tag nav invalid in Entity, line: 305 in /Users/tvictorino/www/stockit/victorino/stockExchange.php on line 43
[21-Jun-2013 16:05:55 UTC] PHP Warning:  DOMDocument::loadHTML(): htmlParseEntityRef: expecting ';' in Entity, line: 707 in /Users/tvictorino/www/stockit/victorino/stockExchange.php on line 43
[21-Jun-2013 16:05:55 UTC] PHP Warning:  DOMDocument::loadHTML(): ID qwidget-sector-wrap already defined in Entity, line: 720 in /Users/tvictorino/www/stockit/victorino/stockExchange.php on line 43
[21-Jun-2013 16:05:55 UTC] PHP Warning:  DOMDocument::loadHTML(): Unexpected end tag : style in Entity, line: 764 in /Users/tvictorino/www/stockit/victorino/stockExchange.php on line 43
[21-Jun-2013 16:05:55 UTC] PHP Warning:  DOMDocument::loadHTML(): Unexpected end tag : style in Entity, line: 766 in /Users/tvictorino/www/stockit/victorino/stockExchange.php on line 43
[21-Jun-2013 16:05:55 UTC] PHP Warning:  DOMDocument::loadHTML(): Unexpected end tag : style in Entity, line: 771 in /Users/tvictorino/www/stockit/victorino/stockExchange.php on line 43
[21-Jun-2013 16:05:55 UTC] PHP Warning:  DOMDocument::loadHTML(): Unexpected end tag : style in Entity, line: 773 in /Users/tvictorino/www/stockit/victorino/stockExchange.php on line 43
[21-Jun-2013 16:05:55 UTC] PHP Warning:  DOMDocument::loadHTML(): ID mycarousel already defined in Entity, line: 811 in /Users/tvictorino/www/stockit/victorino/stockExchange.php on line 43
[21-Jun-2013 16:05:55 UTC] PHP Warning:  DOMDocument::loadHTML(): htmlParseEntityRef: expecting ';' in Entity, line: 930 in /Users/tvictorino/www/stockit/victorino/stockExchange.php on line 43
[21-Jun-2013 16:05:55 UTC] PHP Warning:  DOMDocument::loadHTML(): htmlParseEntityRef: expecting ';' in Entity, line: 931 in /Users/tvictorino/www/stockit/victorino/stockExchange.php on line 43
[21-Jun-2013 16:05:55 UTC] PHP Warning:  DOMDocument::loadHTML(): htmlParseEntityRef: expecting ';' in Entity, line: 966 in /Users/tvictorino/www/stockit/victorino/stockExchange.php on line 43
[21-Jun-2013 16:05:55 UTC] PHP Warning:  DOMDocument::loadHTML(): htmlParseEntityRef: expecting ';' in Entity, line: 966 in /Users/tvictorino/www/stockit/victorino/stockExchange.php on line 43
[21-Jun-2013 16:05:55 UTC] PHP Warning:  DOMDocument::loadHTML(): htmlParseEntityRef: expecting ';' in Entity, line: 967 in /Users/tvictorino/www/stockit/victorino/stockExchange.php on line 43
[21-Jun-2013 16:05:55 UTC] PHP Warning:  DOMDocument::loadHTML(): htmlParseEntityRef: expecting ';' in Entity, line: 967 in /Users/tvictorino/www/stockit/victorino/stockExchange.php on line 43
[21-Jun-2013 16:05:55 UTC] PHP Warning:  DOMDocument::loadHTML(): htmlParseEntityRef: expecting ';' in Entity, line: 984 in /Users/tvictorino/www/stockit/victorino/stockExchange.php on line 43
[21-Jun-2013 16:05:55 UTC] PHP Warning:  DOMDocument::loadHTML(): error parsing attribute name in Entity, line: 1043 in /Users/tvictorino/www/stockit/victorino/stockExchange.php on line 43
[21-Jun-2013 16:05:55 UTC] PHP Warning:  DOMDocument::loadHTML(): Unexpected end tag : span in Entity, line: 1098 in /Users/tvictorino/www/stockit/victorino/stockExchange.php on line 43
[21-Jun-2013 16:05:55 UTC] PHP Warning:  DOMDocument::loadHTML(): Unexpected end tag : a in Entity, line: 1098 in /Users/tvictorino/www/stockit/victorino/stockExchange.php on line 43
[21-Jun-2013 16:05:55 UTC] PHP Warning:  DOMDocument::loadHTML(): ID qwidget_markettimedate already defined in Entity, line: 1190 in /Users/tvictorino/www/stockit/victorino/stockExchange.php on line 43
[21-Jun-2013 16:05:55 UTC] PHP Warning:  DOMDocument::loadHTML(): Unexpected end tag : a in Entity, line: 1213 in /Users/tvictorino/www/stockit/victorino/stockExchange.php on line 43
[21-Jun-2013 16:05:55 UTC] PHP Warning:  DOMDocument::loadHTML(): Unexpected end tag : a in Entity, line: 1214 in /Users/tvictorino/www/stockit/victorino/stockExchange.php on line 43
[21-Jun-2013 16:05:55 UTC] PHP Warning:  DOMDocument::loadHTML(): Unexpected end tag : a in Entity, line: 1215 in /Users/tvictorino/www/stockit/victorino/stockExchange.php on line 43
[21-Jun-2013 16:05:55 UTC] PHP Warning:  DOMDocument::loadHTML(): Unexpected end tag : a in Entity, line: 1216 in /Users/tvictorino/www/stockit/victorino/stockExchange.php on line 43
[21-Jun-2013 16:05:55 UTC] PHP Warning:  DOMDocument::loadHTML(): Unexpected end tag : a in Entity, line: 1217 in /Users/tvictorino/www/stockit/victorino/stockExchange.php on line 43
[21-Jun-2013 16:05:55 UTC] PHP Warning:  DOMDocument::loadHTML(): Unexpected end tag : script in Entity, line: 1218 in /Users/tvictorino/www/stockit/victorino/stockExchange.php on line 43
[21-Jun-2013 16:05:55 UTC] PHP Warning:  DOMDocument::loadHTML(): htmlParseEntityRef: expecting ';' in Entity, line: 1424 in /Users/tvictorino/www/stockit/victorino/stockExchange.php on line 43
[21-Jun-2013 16:05:55 UTC] PHP Warning:  DOMDocument::loadHTML(): htmlParseEntityRef: expecting ';' in Entity, line: 1424 in /Users/tvictorino/www/stockit/victorino/stockExchange.php on line 43
[21-Jun-2013 16:05:55 UTC] PHP Warning:  DOMDocument::loadHTML(): htmlParseEntityRef: expecting ';' in Entity, line: 1424 in /Users/tvictorino/www/stockit/victorino/stockExchange.php on line 43
[21-Jun-2013 16:05:55 UTC] PHP Warning:  DOMDocument::loadHTML(): Unexpected end tag : div in Entity, line: 1492 in /Users/tvictorino/www/stockit/victorino/stockExchange.php on line 43
[21-Jun-2013 16:05:55 UTC] PHP Warning:  DOMDocument::loadHTML(): Unexpected end tag : div in Entity, line: 1512 in /Users/tvictorino/www/stockit/victorino/stockExchange.php on line 43
[21-Jun-2013 16:05:55 UTC] PHP Warning:  DOMDocument::loadHTML(): Unexpected end tag : a in Entity, line: 1523 in /Users/tvictorino/www/stockit/victorino/stockExchange.php on line 43
[21-Jun-2013 16:05:55 UTC] PHP Warning:  DOMDocument::loadHTML(): Unexpected end tag : b in Entity, line: 1523 in /Users/tvictorino/www/stockit/victorino/stockExchange.php on line 43
[21-Jun-2013 16:05:55 UTC] PHP Warning:  DOMDocument::loadHTML(): Unexpected end tag : a in Entity, line: 1523 in /Users/tvictorino/www/stockit/victorino/stockExchange.php on line 43
[21-Jun-2013 16:05:55 UTC] PHP Warning:  DOMDocument::loadHTML(): Tag footer invalid in Entity, line: 1531 in /Users/tvictorino/www/stockit/victorino/stockExchange.php on line 43
[21-Jun-2013 16:05:55 UTC] PHP Warning:  DOMDocument::loadHTML(): Unexpected end tag : b in Entity, line: 1996 in /Users/tvictorino/www/stockit/victorino/stockExchange.php on line 43
[21-Jun-2013 16:05:55 UTC] PHP Warning:  DOMDocument::loadHTML(): Unexpected end tag : b in Entity, line: 1998 in /Users/tvictorino/www/stockit/victorino/stockExchange.php on line 43
[21-Jun-2013 16:05:55 UTC] PHP Warning:  DOMDocument::loadHTML(): Unexpected end tag : b in Entity, line: 2000 in /Users/tvictorino/www/stockit/victorino/stockExchange.php on line 43
[21-Jun-2013 16:05:55 UTC] PHP Warning:  DOMDocument::loadHTML(): Unexpected end tag : b in Entity, line: 2001 in /Users/tvictorino/www/stockit/victorino/stockExchange.php on line 43
[21-Jun-2013 16:05:55 UTC] PHP Warning:  DOMDocument::loadHTML(): Unexpected end tag : b in Entity, line: 2003 in /Users/tvictorino/www/stockit/victorino/stockExchange.php on line 43
[21-Jun-2013 16:05:55 UTC] PHP Warning:  DOMDocument::loadHTML(): Unexpected end tag : b in Entity, line: 2006 in /Users/tvictorino/www/stockit/victorino/stockExchange.php on line 43
[21-Jun-2013 16:06:01 UTC] PHP Warning:  DOMDocument::loadHTML(): Unexpected end tag : div in Entity, line: 283 in /Users/tvictorino/www/stockit/victorino/stockExchange.php on line 43
[21-Jun-2013 16:06:01 UTC] PHP Warning:  DOMDocument::loadHTML(): Tag header invalid in Entity, line: 302 in /Users/tvictorino/www/stockit/victorino/stockExchange.php on line 43
[21-Jun-2013 16:06:01 UTC] PHP Warning:  DOMDocument::loadHTML(): Tag nav invalid in Entity, line: 305 in /Users/tvictorino/www/stockit/victorino/stockExchange.php on line 43
[21-Jun-2013 16:06:01 UTC] PHP Warning:  DOMDocument::loadHTML(): htmlParseEntityRef: expecting ';' in Entity, line: 707 in /Users/tvictorino/www/stockit/victorino/stockExchange.php on line 43
[21-Jun-2013 16:06:01 UTC] PHP Warning:  DOMDocument::loadHTML(): ID qwidget-sector-wrap already defined in Entity, line: 720 in /Users/tvictorino/www/stockit/victorino/stockExchange.php on line 43
[21-Jun-2013 16:06:01 UTC] PHP Warning:  DOMDocument::loadHTML(): Unexpected end tag : style in Entity, line: 764 in /Users/tvictorino/www/stockit/victorino/stockExchange.php on line 43
[21-Jun-2013 16:06:01 UTC] PHP Warning:  DOMDocument::loadHTML(): Unexpected end tag : style in Entity, line: 766 in /Users/tvictorino/www/stockit/victorino/stockExchange.php on line 43
[21-Jun-2013 16:06:01 UTC] PHP Warning:  DOMDocument::loadHTML(): Unexpected end tag : style in Entity, line: 771 in /Users/tvictorino/www/stockit/victorino/stockExchange.php on line 43
[21-Jun-2013 16:06:01 UTC] PHP Warning:  DOMDocument::loadHTML(): Unexpected end tag : style in Entity, line: 773 in /Users/tvictorino/www/stockit/victorino/stockExchange.php on line 43
[21-Jun-2013 16:06:01 UTC] PHP Warning:  DOMDocument::loadHTML(): ID mycarousel already defined in Entity, line: 811 in /Users/tvictorino/www/stockit/victorino/stockExchange.php on line 43
[21-Jun-2013 16:06:01 UTC] PHP Warning:  DOMDocument::loadHTML(): htmlParseEntityRef: expecting ';' in Entity, line: 930 in /Users/tvictorino/www/stockit/victorino/stockExchange.php on line 43
[21-Jun-2013 16:06:01 UTC] PHP Warning:  DOMDocument::loadHTML(): htmlParseEntityRef: expecting ';' in Entity, line: 931 in /Users/tvictorino/www/stockit/victorino/stockExchange.php on line 43
[21-Jun-2013 16:06:01 UTC] PHP Warning:  DOMDocument::loadHTML(): htmlParseEntityRef: expecting ';' in Entity, line: 966 in /Users/tvictorino/www/stockit/victorino/stockExchange.php on line 43
[21-Jun-2013 16:06:01 UTC] PHP Warning:  DOMDocument::loadHTML(): htmlParseEntityRef: expecting ';' in Entity, line: 966 in /Users/tvictorino/www/stockit/victorino/stockExchange.php on line 43
[21-Jun-2013 16:06:01 UTC] PHP Warning:  DOMDocument::loadHTML(): htmlParseEntityRef: expecting ';' in Entity, line: 967 in /Users/tvictorino/www/stockit/victorino/stockExchange.php on line 43
[21-Jun-2013 16:06:01 UTC] PHP Warning:  DOMDocument::loadHTML(): htmlParseEntityRef: expecting ';' in Entity, line: 967 in /Users/tvictorino/www/stockit/victorino/stockExchange.php on line 43
[21-Jun-2013 16:06:01 UTC] PHP Warning:  DOMDocument::loadHTML(): htmlParseEntityRef: expecting ';' in Entity, line: 984 in /Users/tvictorino/www/stockit/victorino/stockExchange.php on line 43
[21-Jun-2013 16:06:01 UTC] PHP Warning:  DOMDocument::loadHTML(): error parsing attribute name in Entity, line: 1043 in /Users/tvictorino/www/stockit/victorino/stockExchange.php on line 43
[21-Jun-2013 16:06:01 UTC] PHP Warning:  DOMDocument::loadHTML(): Unexpected end tag : span in Entity, line: 1098 in /Users/tvictorino/www/stockit/victorino/stockExchange.php on line 43
[21-Jun-2013 16:06:01 UTC] PHP Warning:  DOMDocument::loadHTML(): Unexpected end tag : a in Entity, line: 1098 in /Users/tvictorino/www/stockit/victorino/stockExchange.php on line 43
[21-Jun-2013 16:06:01 UTC] PHP Warning:  DOMDocument::loadHTML(): ID qwidget_markettimedate already defined in Entity, line: 1190 in /Users/tvictorino/www/stockit/victorino/stockExchange.php on line 43
[21-Jun-2013 16:06:01 UTC] PHP Warning:  DOMDocument::loadHTML(): Unexpected end tag : a in Entity, line: 1213 in /Users/tvictorino/www/stockit/victorino/stockExchange.php on line 43
[21-Jun-2013 16:06:01 UTC] PHP Warning:  DOMDocument::loadHTML(): Unexpected end tag : a in Entity, line: 1214 in /Users/tvictorino/www/stockit/victorino/stockExchange.php on line 43
[21-Jun-2013 16:06:01 UTC] PHP Warning:  DOMDocument::loadHTML(): Unexpected end tag : a in Entity, line: 1215 in /Users/tvictorino/www/stockit/victorino/stockExchange.php on line 43
[21-Jun-2013 16:06:01 UTC] PHP Warning:  DOMDocument::loadHTML(): Unexpected end tag : a in Entity, line: 1216 in /Users/tvictorino/www/stockit/victorino/stockExchange.php on line 43
[21-Jun-2013 16:06:01 UTC] PHP Warning:  DOMDocument::loadHTML(): Unexpected end tag : a in Entity, line: 1217 in /Users/tvictorino/www/stockit/victorino/stockExchange.php on line 43
[21-Jun-2013 16:06:01 UTC] PHP Warning:  DOMDocument::loadHTML(): Unexpected end tag : script in Entity, line: 1218 in /Users/tvictorino/www/stockit/victorino/stockExchange.php on line 43
[21-Jun-2013 16:06:01 UTC] PHP Warning:  DOMDocument::loadHTML(): htmlParseEntityRef: expecting ';' in Entity, line: 1448 in /Users/tvictorino/www/stockit/victorino/stockExchange.php on line 43
[21-Jun-2013 16:06:01 UTC] PHP Warning:  DOMDocument::loadHTML(): htmlParseEntityRef: expecting ';' in Entity, line: 1448 in /Users/tvictorino/www/stockit/victorino/stockExchange.php on line 43
[21-Jun-2013 16:06:01 UTC] PHP Warning:  DOMDocument::loadHTML(): htmlParseEntityRef: expecting ';' in Entity, line: 1448 in /Users/tvictorino/www/stockit/victorino/stockExchange.php on line 43
[21-Jun-2013 16:06:01 UTC] PHP Warning:  DOMDocument::loadHTML(): Unexpected end tag : div in Entity, line: 1500 in /Users/tvictorino/www/stockit/victorino/stockExchange.php on line 43
[21-Jun-2013 16:06:01 UTC] PHP Warning:  DOMDocument::loadHTML(): Unexpected end tag : div in Entity, line: 1520 in /Users/tvictorino/www/stockit/victorino/stockExchange.php on line 43
[21-Jun-2013 16:06:01 UTC] PHP Warning:  DOMDocument::loadHTML(): Unexpected end tag : a in Entity, line: 1531 in /Users/tvictorino/www/stockit/victorino/stockExchange.php on line 43
[21-Jun-2013 16:06:01 UTC] PHP Warning:  DOMDocument::loadHTML(): Unexpected end tag : b in Entity, line: 1531 in /Users/tvictorino/www/stockit/victorino/stockExchange.php on line 43
[21-Jun-2013 16:06:01 UTC] PHP Warning:  DOMDocument::loadHTML(): Unexpected end tag : a in Entity, line: 1531 in /Users/tvictorino/www/stockit/victorino/stockExchange.php on line 43
[21-Jun-2013 16:06:01 UTC] PHP Warning:  DOMDocument::loadHTML(): Tag footer invalid in Entity, line: 1539 in /Users/tvictorino/www/stockit/victorino/stockExchange.php on line 43
[21-Jun-2013 16:06:01 UTC] PHP Warning:  DOMDocument::loadHTML(): Unexpected end tag : b in Entity, line: 2004 in /Users/tvictorino/www/stockit/victorino/stockExchange.php on line 43
[21-Jun-2013 16:06:01 UTC] PHP Warning:  DOMDocument::loadHTML(): Unexpected end tag : b in Entity, line: 2006 in /Users/tvictorino/www/stockit/victorino/stockExchange.php on line 43
[21-Jun-2013 16:06:01 UTC] PHP Warning:  DOMDocument::loadHTML(): Unexpected end tag : b in Entity, line: 2008 in /Users/tvictorino/www/stockit/victorino/stockExchange.php on line 43
[21-Jun-2013 16:06:01 UTC] PHP Warning:  DOMDocument::loadHTML(): Unexpected end tag : b in Entity, line: 2009 in /Users/tvictorino/www/stockit/victorino/stockExchange.php on line 43
[21-Jun-2013 16:06:01 UTC] PHP Warning:  DOMDocument::loadHTML(): Unexpected end tag : b in Entity, line: 2011 in /Users/tvictorino/www/stockit/victorino/stockExchange.php on line 43
[21-Jun-2013 16:06:01 UTC] PHP Warning:  DOMDocument::loadHTML(): Unexpected end tag : b in Entity, line: 2014 in /Users/tvictorino/www/stockit/victorino/stockExchange.php on line 43
[21-Jun-2013 16:06:02 UTC] PHP Fatal error:  Call to a member function getAttribute() on a non-object in /Users/tvictorino/www/stockit/victorino/stockExchange.php on line 66
[21-Jun-2013 16:06:22 UTC] PHP Fatal error:  Call to a member function getAttribute() on a non-object in /Users/tvictorino/www/stockit/victorino/stockExchange.php on line 66
[21-Jun-2013 16:08:37 UTC] PHP Fatal error:  Call to a member function getAttribute() on a non-object in /Users/tvictorino/www/stockit/victorino/stockExchange.php on line 66
[21-Jun-2013 16:09:04 UTC] PHP Warning:  DOMDocument::loadXML(): Start tag expected, '<' not found in Entity, line: 1 in /Users/tvictorino/www/stockit/victorino/stockExchange.php on line 64
[21-Jun-2013 16:09:04 UTC] PHP Fatal error:  Call to a member function getAttribute() on a non-object in /Users/tvictorino/www/stockit/victorino/stockExchange.php on line 66
[21-Jun-2013 16:09:21 UTC] PHP Fatal error:  Call to a member function getAttribute() on a non-object in /Users/tvictorino/www/stockit/victorino/stockExchange.php on line 66
[21-Jun-2013 16:09:49 UTC] PHP Notice:  Trying to get property of non-object in /Users/tvictorino/www/stockit/victorino/stockExchange.php on line 66
[21-Jun-2013 16:10:40 UTC] PHP Notice:  Trying to get property of non-object in /Users/tvictorino/www/stockit/victorino/stockExchange.php on line 66
[21-Jun-2013 16:11:18 UTC] PHP Fatal error:  Call to a member function getAttribute() on a non-object in /Users/tvictorino/www/stockit/victorino/stockExchange.php on line 66
[21-Jun-2013 16:11:39 UTC] PHP Notice:  Trying to get property of non-object in /Users/tvictorino/www/stockit/victorino/stockExchange.php on line 66
[24-Jun-2013 16:21:45 UTC] PHP Notice:  Trying to get property of non-object in /Users/tvictorino/www/stockit/victorino/stockExchange.php on line 66
[24-Jun-2013 16:28:56 UTC] PHP Catchable fatal error:  Object of class DOMNodeList could not be converted to string in /Users/tvictorino/www/stockit/victorino/stockExchange.php on line 66
[24-Jun-2013 16:29:22 UTC] PHP Fatal error:  Call to a member function getElementsByTagName() on a non-object in /Users/tvictorino/www/stockit/victorino/stockExchange.php on line 66
[24-Jun-2013 16:30:57 UTC] PHP Warning:  DOMDocument::loadXML(): Start tag expected, '<' not found in Entity, line: 1 in /Users/tvictorino/www/stockit/victorino/stockExchange.php on line 64
[24-Jun-2013 16:33:32 UTC] PHP Notice:  Trying to get property of non-object in /Users/tvictorino/www/stockit/victorino/stockExchange.php on line 66
[24-Jun-2013 16:34:39 UTC] PHP Notice:  Trying to get property of non-object in /Users/tvictorino/www/stockit/victorino/stockExchange.php on line 67
[24-Jun-2013 16:35:11 UTC] PHP Notice:  Trying to get property of non-object in /Users/tvictorino/www/stockit/victorino/stockExchange.php on line 67
[24-Jun-2013 16:49:47 UTC] PHP Warning:  print_r(): Node no longer exists in /Users/tvictorino/www/stockit/victorino/stockExchange.php on line 62
[24-Jun-2013 16:49:47 UTC] PHP Warning:  StockExchange::getStockInformationFromBovespa(): Node no longer exists in /Users/tvictorino/www/stockit/victorino/stockExchange.php on line 63
[24-Jun-2013 16:49:47 UTC] PHP Warning:  StockExchange::getStockInformationFromBovespa(): Node no longer exists in /Users/tvictorino/www/stockit/victorino/stockExchange.php on line 63
[24-Jun-2013 16:49:47 UTC] PHP Warning:  StockExchange::getStockInformationFromBovespa(): Node no longer exists in /Users/tvictorino/www/stockit/victorino/stockExchange.php on line 75
[24-Jun-2013 16:49:47 UTC] PHP Warning:  StockExchange::getStockInformationFromBovespa(): Node no longer exists in /Users/tvictorino/www/stockit/victorino/stockExchange.php on line 75
[24-Jun-2013 16:49:47 UTC] PHP Warning:  StockExchange::getStockInformationFromBovespa(): Node no longer exists in /Users/tvictorino/www/stockit/victorino/stockExchange.php on line 76
[24-Jun-2013 16:49:47 UTC] PHP Warning:  StockExchange::getStockInformationFromBovespa(): Node no longer exists in /Users/tvictorino/www/stockit/victorino/stockExchange.php on line 76
[24-Jun-2013 16:49:47 UTC] PHP Warning:  StockExchange::getStockInformationFromBovespa(): Node no longer exists in /Users/tvictorino/www/stockit/victorino/stockExchange.php on line 77
[24-Jun-2013 16:49:47 UTC] PHP Warning:  StockExchange::getStockInformationFromBovespa(): Node no longer exists in /Users/tvictorino/www/stockit/victorino/stockExchange.php on line 77
[24-Jun-2013 16:49:47 UTC] PHP Warning:  StockExchange::getStockInformationFromBovespa(): Node no longer exists in /Users/tvictorino/www/stockit/victorino/stockExchange.php on line 78
[24-Jun-2013 16:49:47 UTC] PHP Warning:  StockExchange::getStockInformationFromBovespa(): Node no longer exists in /Users/tvictorino/www/stockit/victorino/stockExchange.php on line 78
[24-Jun-2013 16:49:47 UTC] PHP Warning:  StockExchange::getStockInformationFromBovespa(): Node no longer exists in /Users/tvictorino/www/stockit/victorino/stockExchange.php on line 79
[24-Jun-2013 16:49:47 UTC] PHP Warning:  StockExchange::getStockInformationFromBovespa(): Node no longer exists in /Users/tvictorino/www/stockit/victorino/stockExchange.php on line 79
